[2023-06-15 21:43:35,191] * [ERROR] "GET /static/https%3A/cdn.jsdelivr.net/npm/bootstrap%405.1.3/dist/js/bootstrap.bundle.min.js HTTP/1.1" 500 59 C:\Users\User\SkillFactory_project\Project_D6_app. Проект NewsPaper\venv\Lib\site-packages\django\core\servers\basehttp.py None
[2023-06-15 21:44:01,499] * [ERROR] "GET /static/https%3A/cdn.jsdelivr.net/npm/bootstrap%405.1.3/dist/js/bootstrap.bundle.min.js HTTP/1.1" 500 59 C:\Users\User\SkillFactory_project\Project_D6_app. Проект NewsPaper\venv\Lib\site-packages\django\core\servers\basehttp.py None
[2023-06-15 21:44:15,690] * [ERROR] "GET /static/https%3A/cdn.jsdelivr.net/npm/bootstrap%405.1.3/dist/js/bootstrap.bundle.min.js HTTP/1.1" 500 59 C:\Users\User\SkillFactory_project\Project_D6_app. Проект NewsPaper\venv\Lib\site-packages\django\core\servers\basehttp.py None
[2023-06-24 22:23:21,048] * [ERROR] "GET /static/https%3A/cdn.jsdelivr.net/npm/bootstrap%405.1.3/dist/js/bootstrap.bundle.min.js HTTP/1.1" 500 59 C:\Users\Igor_Mishutkin\AppData\Local\Programs\Python\Python310\lib\site-packages\django\core\servers\basehttp.py None
[2023-06-24 22:23:25,732] * [ERROR] "GET /static/https%3A/cdn.jsdelivr.net/npm/bootstrap%405.1.3/dist/js/bootstrap.bundle.min.js HTTP/1.1" 500 59 C:\Users\Igor_Mishutkin\AppData\Local\Programs\Python\Python310\lib\site-packages\django\core\servers\basehttp.py None
[2023-06-24 22:23:27,249] * [ERROR] "GET /static/https%3A/cdn.jsdelivr.net/npm/bootstrap%405.1.3/dist/js/bootstrap.bundle.min.js HTTP/1.1" 500 59 C:\Users\Igor_Mishutkin\AppData\Local\Programs\Python\Python310\lib\site-packages\django\core\servers\basehttp.py None
[2023-06-24 22:23:39,453] * [ERROR] "GET /static/https%3A/cdn.jsdelivr.net/npm/bootstrap%405.1.3/dist/js/bootstrap.bundle.min.js HTTP/1.1" 500 59 C:\Users\Igor_Mishutkin\AppData\Local\Programs\Python\Python310\lib\site-packages\django\core\servers\basehttp.py None
[2023-06-24 22:23:41,117] * [ERROR] "GET /static/https%3A/cdn.jsdelivr.net/npm/bootstrap%405.1.3/dist/js/bootstrap.bundle.min.js HTTP/1.1" 500 59 C:\Users\Igor_Mishutkin\AppData\Local\Programs\Python\Python310\lib\site-packages\django\core\servers\basehttp.py None
[2023-06-24 22:23:42,754] * [ERROR] "GET /static/https%3A/cdn.jsdelivr.net/npm/bootstrap%405.1.3/dist/js/bootstrap.bundle.min.js HTTP/1.1" 500 59 C:\Users\Igor_Mishutkin\AppData\Local\Programs\Python\Python310\lib\site-packages\django\core\servers\basehttp.py None
[2023-06-24 22:23:44,818] * [ERROR] "GET /static/https%3A/cdn.jsdelivr.net/npm/bootstrap%405.1.3/dist/js/bootstrap.bundle.min.js HTTP/1.1" 500 59 C:\Users\Igor_Mishutkin\AppData\Local\Programs\Python\Python310\lib\site-packages\django\core\servers\basehttp.py None
[2023-06-24 22:23:46,162] * [ERROR] "GET /static/https%3A/cdn.jsdelivr.net/npm/bootstrap%405.1.3/dist/js/bootstrap.bundle.min.js HTTP/1.1" 500 59 C:\Users\Igor_Mishutkin\AppData\Local\Programs\Python\Python310\lib\site-packages\django\core\servers\basehttp.py None
[2023-06-24 22:23:49,722] * [ERROR] "GET /static/https%3A/cdn.jsdelivr.net/npm/bootstrap%405.1.3/dist/js/bootstrap.bundle.min.js HTTP/1.1" 500 59 C:\Users\Igor_Mishutkin\AppData\Local\Programs\Python\Python310\lib\site-packages\django\core\servers\basehttp.py None
[2023-06-24 22:23:50,609] * [ERROR] "GET /static/https%3A/cdn.jsdelivr.net/npm/bootstrap%405.1.3/dist/js/bootstrap.bundle.min.js HTTP/1.1" 500 59 C:\Users\Igor_Mishutkin\AppData\Local\Programs\Python\Python310\lib\site-packages\django\core\servers\basehttp.py None
[2023-06-24 22:23:52,486] * [ERROR] "GET /static/https%3A/cdn.jsdelivr.net/npm/bootstrap%405.1.3/dist/js/bootstrap.bundle.min.js HTTP/1.1" 500 59 C:\Users\Igor_Mishutkin\AppData\Local\Programs\Python\Python310\lib\site-packages\django\core\servers\basehttp.py None
[2023-06-24 22:23:53,518] * [ERROR] "GET /static/https%3A/cdn.jsdelivr.net/npm/bootstrap%405.1.3/dist/js/bootstrap.bundle.min.js HTTP/1.1" 500 59 C:\Users\Igor_Mishutkin\AppData\Local\Programs\Python\Python310\lib\site-packages\django\core\servers\basehttp.py None
[2023-06-24 22:23:54,376] * [ERROR] "GET /static/https%3A/cdn.jsdelivr.net/npm/bootstrap%405.1.3/dist/js/bootstrap.bundle.min.js HTTP/1.1" 500 59 C:\Users\Igor_Mishutkin\AppData\Local\Programs\Python\Python310\lib\site-packages\django\core\servers\basehttp.py None
[2023-06-24 22:23:55,445] * [ERROR] "GET /static/https%3A/cdn.jsdelivr.net/npm/bootstrap%405.1.3/dist/js/bootstrap.bundle.min.js HTTP/1.1" 500 59 C:\Users\Igor_Mishutkin\AppData\Local\Programs\Python\Python310\lib\site-packages\django\core\servers\basehttp.py None
[2023-06-24 22:23:56,569] * [ERROR] "GET /static/https%3A/cdn.jsdelivr.net/npm/bootstrap%405.1.3/dist/js/bootstrap.bundle.min.js HTTP/1.1" 500 59 C:\Users\Igor_Mishutkin\AppData\Local\Programs\Python\Python310\lib\site-packages\django\core\servers\basehttp.py None
[2023-06-24 22:23:57,598] * [ERROR] "GET /static/https%3A/cdn.jsdelivr.net/npm/bootstrap%405.1.3/dist/js/bootstrap.bundle.min.js HTTP/1.1" 500 59 C:\Users\Igor_Mishutkin\AppData\Local\Programs\Python\Python310\lib\site-packages\django\core\servers\basehttp.py None
[2023-06-24 22:23:59,349] * [ERROR] "GET /static/https%3A/cdn.jsdelivr.net/npm/bootstrap%405.1.3/dist/js/bootstrap.bundle.min.js HTTP/1.1" 500 59 C:\Users\Igor_Mishutkin\AppData\Local\Programs\Python\Python310\lib\site-packages\django\core\servers\basehttp.py None
[2023-06-24 22:23:59,918] * [ERROR] "GET /static/https%3A/cdn.jsdelivr.net/npm/bootstrap%405.1.3/dist/js/bootstrap.bundle.min.js HTTP/1.1" 500 59 C:\Users\Igor_Mishutkin\AppData\Local\Programs\Python\Python310\lib\site-packages\django\core\servers\basehttp.py None
[2023-06-24 22:24:01,010] * [ERROR] "GET /static/https%3A/cdn.jsdelivr.net/npm/bootstrap%405.1.3/dist/js/bootstrap.bundle.min.js HTTP/1.1" 500 59 C:\Users\Igor_Mishutkin\AppData\Local\Programs\Python\Python310\lib\site-packages\django\core\servers\basehttp.py None
[2023-06-24 22:24:01,571] * [ERROR] "GET /static/https%3A/cdn.jsdelivr.net/npm/bootstrap%405.1.3/dist/js/bootstrap.bundle.min.js HTTP/1.1" 500 59 C:\Users\Igor_Mishutkin\AppData\Local\Programs\Python\Python310\lib\site-packages\django\core\servers\basehttp.py None
[2023-06-24 22:24:02,988] * [ERROR] "GET /static/https%3A/cdn.jsdelivr.net/npm/bootstrap%405.1.3/dist/js/bootstrap.bundle.min.js HTTP/1.1" 500 59 C:\Users\Igor_Mishutkin\AppData\Local\Programs\Python\Python310\lib\site-packages\django\core\servers\basehttp.py None
[2023-06-24 22:24:06,570] * [ERROR] "GET /static/https%3A/cdn.jsdelivr.net/npm/bootstrap%405.1.3/dist/js/bootstrap.bundle.min.js HTTP/1.1" 500 59 C:\Users\Igor_Mishutkin\AppData\Local\Programs\Python\Python310\lib\site-packages\django\core\servers\basehttp.py None
[2023-06-24 22:24:07,662] * [ERROR] "GET /static/https%3A/cdn.jsdelivr.net/npm/bootstrap%405.1.3/dist/js/bootstrap.bundle.min.js HTTP/1.1" 500 59 C:\Users\Igor_Mishutkin\AppData\Local\Programs\Python\Python310\lib\site-packages\django\core\servers\basehttp.py None
[2023-06-24 22:24:08,364] * [ERROR] "GET /static/https%3A/cdn.jsdelivr.net/npm/bootstrap%405.1.3/dist/js/bootstrap.bundle.min.js HTTP/1.1" 500 59 C:\Users\Igor_Mishutkin\AppData\Local\Programs\Python\Python310\lib\site-packages\django\core\servers\basehttp.py None
[2023-06-24 22:24:10,138] * [ERROR] "GET /static/https%3A/cdn.jsdelivr.net/npm/bootstrap%405.1.3/dist/js/bootstrap.bundle.min.js HTTP/1.1" 500 59 C:\Users\Igor_Mishutkin\AppData\Local\Programs\Python\Python310\lib\site-packages\django\core\servers\basehttp.py None
[2023-06-24 22:24:10,757] * [ERROR] "GET /static/https%3A/cdn.jsdelivr.net/npm/bootstrap%405.1.3/dist/js/bootstrap.bundle.min.js HTTP/1.1" 500 59 C:\Users\Igor_Mishutkin\AppData\Local\Programs\Python\Python310\lib\site-packages\django\core\servers\basehttp.py None
[2023-06-24 22:24:11,854] * [ERROR] "GET /static/https%3A/cdn.jsdelivr.net/npm/bootstrap%405.1.3/dist/js/bootstrap.bundle.min.js HTTP/1.1" 500 59 C:\Users\Igor_Mishutkin\AppData\Local\Programs\Python\Python310\lib\site-packages\django\core\servers\basehttp.py None
[2023-06-24 22:24:12,421] * [ERROR] "GET /static/https%3A/cdn.jsdelivr.net/npm/bootstrap%405.1.3/dist/js/bootstrap.bundle.min.js HTTP/1.1" 500 59 C:\Users\Igor_Mishutkin\AppData\Local\Programs\Python\Python310\lib\site-packages\django\core\servers\basehttp.py None
[2023-06-24 22:24:13,287] * [ERROR] "GET /static/https%3A/cdn.jsdelivr.net/npm/bootstrap%405.1.3/dist/js/bootstrap.bundle.min.js HTTP/1.1" 500 59 C:\Users\Igor_Mishutkin\AppData\Local\Programs\Python\Python310\lib\site-packages\django\core\servers\basehttp.py None
[2023-06-24 22:24:13,973] * [ERROR] "GET /static/https%3A/cdn.jsdelivr.net/npm/bootstrap%405.1.3/dist/js/bootstrap.bundle.min.js HTTP/1.1" 500 59 C:\Users\Igor_Mishutkin\AppData\Local\Programs\Python\Python310\lib\site-packages\django\core\servers\basehttp.py None
[2023-06-24 22:24:15,612] * [ERROR] "GET /static/https%3A/cdn.jsdelivr.net/npm/bootstrap%405.1.3/dist/js/bootstrap.bundle.min.js HTTP/1.1" 500 59 C:\Users\Igor_Mishutkin\AppData\Local\Programs\Python\Python310\lib\site-packages\django\core\servers\basehttp.py None
[2023-06-24 22:24:16,154] * [ERROR] "GET /static/https%3A/cdn.jsdelivr.net/npm/bootstrap%405.1.3/dist/js/bootstrap.bundle.min.js HTTP/1.1" 500 59 C:\Users\Igor_Mishutkin\AppData\Local\Programs\Python\Python310\lib\site-packages\django\core\servers\basehttp.py None
[2023-06-24 22:24:17,144] * [ERROR] "GET /static/https%3A/cdn.jsdelivr.net/npm/bootstrap%405.1.3/dist/js/bootstrap.bundle.min.js HTTP/1.1" 500 59 C:\Users\Igor_Mishutkin\AppData\Local\Programs\Python\Python310\lib\site-packages\django\core\servers\basehttp.py None
[2023-06-24 22:24:18,021] * [ERROR] "GET /static/https%3A/cdn.jsdelivr.net/npm/bootstrap%405.1.3/dist/js/bootstrap.bundle.min.js HTTP/1.1" 500 59 C:\Users\Igor_Mishutkin\AppData\Local\Programs\Python\Python310\lib\site-packages\django\core\servers\basehttp.py None
[2023-06-24 22:24:19,136] * [ERROR] "GET /static/https%3A/cdn.jsdelivr.net/npm/bootstrap%405.1.3/dist/js/bootstrap.bundle.min.js HTTP/1.1" 500 59 C:\Users\Igor_Mishutkin\AppData\Local\Programs\Python\Python310\lib\site-packages\django\core\servers\basehttp.py None
[2023-06-24 22:24:20,250] * [ERROR] "GET /static/https%3A/cdn.jsdelivr.net/npm/bootstrap%405.1.3/dist/js/bootstrap.bundle.min.js HTTP/1.1" 500 59 C:\Users\Igor_Mishutkin\AppData\Local\Programs\Python\Python310\lib\site-packages\django\core\servers\basehttp.py None
[2023-06-24 22:24:21,378] * [ERROR] "GET /static/https%3A/cdn.jsdelivr.net/npm/bootstrap%405.1.3/dist/js/bootstrap.bundle.min.js HTTP/1.1" 500 59 C:\Users\Igor_Mishutkin\AppData\Local\Programs\Python\Python310\lib\site-packages\django\core\servers\basehttp.py None
[2023-06-24 22:24:22,086] * [ERROR] "GET /static/https%3A/cdn.jsdelivr.net/npm/bootstrap%405.1.3/dist/js/bootstrap.bundle.min.js HTTP/1.1" 500 59 C:\Users\Igor_Mishutkin\AppData\Local\Programs\Python\Python310\lib\site-packages\django\core\servers\basehttp.py None
[2023-06-24 22:24:23,591] * [ERROR] "GET /static/https%3A/cdn.jsdelivr.net/npm/bootstrap%405.1.3/dist/js/bootstrap.bundle.min.js HTTP/1.1" 500 59 C:\Users\Igor_Mishutkin\AppData\Local\Programs\Python\Python310\lib\site-packages\django\core\servers\basehttp.py None
[2023-06-24 22:24:24,300] * [ERROR] "GET /static/https%3A/cdn.jsdelivr.net/npm/bootstrap%405.1.3/dist/js/bootstrap.bundle.min.js HTTP/1.1" 500 59 C:\Users\Igor_Mishutkin\AppData\Local\Programs\Python\Python310\lib\site-packages\django\core\servers\basehttp.py None
[2023-06-24 22:24:25,184] * [ERROR] "GET /static/https%3A/cdn.jsdelivr.net/npm/bootstrap%405.1.3/dist/js/bootstrap.bundle.min.js HTTP/1.1" 500 59 C:\Users\Igor_Mishutkin\AppData\Local\Programs\Python\Python310\lib\site-packages\django\core\servers\basehttp.py None
[2023-06-24 22:24:25,899] * [ERROR] "GET /static/https%3A/cdn.jsdelivr.net/npm/bootstrap%405.1.3/dist/js/bootstrap.bundle.min.js HTTP/1.1" 500 59 C:\Users\Igor_Mishutkin\AppData\Local\Programs\Python\Python310\lib\site-packages\django\core\servers\basehttp.py None
[2023-06-24 22:24:27,143] * [ERROR] "GET /static/https%3A/cdn.jsdelivr.net/npm/bootstrap%405.1.3/dist/js/bootstrap.bundle.min.js HTTP/1.1" 500 59 C:\Users\Igor_Mishutkin\AppData\Local\Programs\Python\Python310\lib\site-packages\django\core\servers\basehttp.py None
[2023-06-24 22:24:27,751] * [ERROR] "GET /static/https%3A/cdn.jsdelivr.net/npm/bootstrap%405.1.3/dist/js/bootstrap.bundle.min.js HTTP/1.1" 500 59 C:\Users\Igor_Mishutkin\AppData\Local\Programs\Python\Python310\lib\site-packages\django\core\servers\basehttp.py None
[2023-06-24 22:24:29,203] * [ERROR] "GET /static/https%3A/cdn.jsdelivr.net/npm/bootstrap%405.1.3/dist/js/bootstrap.bundle.min.js HTTP/1.1" 500 59 C:\Users\Igor_Mishutkin\AppData\Local\Programs\Python\Python310\lib\site-packages\django\core\servers\basehttp.py None
[2023-06-24 22:24:29,803] * [ERROR] "GET /static/https%3A/cdn.jsdelivr.net/npm/bootstrap%405.1.3/dist/js/bootstrap.bundle.min.js HTTP/1.1" 500 59 C:\Users\Igor_Mishutkin\AppData\Local\Programs\Python\Python310\lib\site-packages\django\core\servers\basehttp.py None
[2023-06-24 22:24:30,665] * [ERROR] "GET /static/https%3A/cdn.jsdelivr.net/npm/bootstrap%405.1.3/dist/js/bootstrap.bundle.min.js HTTP/1.1" 500 59 C:\Users\Igor_Mishutkin\AppData\Local\Programs\Python\Python310\lib\site-packages\django\core\servers\basehttp.py None
[2023-06-24 22:24:31,217] * [ERROR] "GET /static/https%3A/cdn.jsdelivr.net/npm/bootstrap%405.1.3/dist/js/bootstrap.bundle.min.js HTTP/1.1" 500 59 C:\Users\Igor_Mishutkin\AppData\Local\Programs\Python\Python310\lib\site-packages\django\core\servers\basehttp.py None
[2023-06-24 22:24:33,357] * [ERROR] "GET /static/https%3A/cdn.jsdelivr.net/npm/bootstrap%405.1.3/dist/js/bootstrap.bundle.min.js HTTP/1.1" 500 59 C:\Users\Igor_Mishutkin\AppData\Local\Programs\Python\Python310\lib\site-packages\django\core\servers\basehttp.py None
[2023-06-24 22:24:34,420] * [ERROR] "GET /static/https%3A/cdn.jsdelivr.net/npm/bootstrap%405.1.3/dist/js/bootstrap.bundle.min.js HTTP/1.1" 500 59 C:\Users\Igor_Mishutkin\AppData\Local\Programs\Python\Python310\lib\site-packages\django\core\servers\basehttp.py None
[2023-06-24 22:24:35,194] * [ERROR] "GET /static/https%3A/cdn.jsdelivr.net/npm/bootstrap%405.1.3/dist/js/bootstrap.bundle.min.js HTTP/1.1" 500 59 C:\Users\Igor_Mishutkin\AppData\Local\Programs\Python\Python310\lib\site-packages\django\core\servers\basehttp.py None
[2023-06-24 22:24:35,890] * [ERROR] "GET /static/https%3A/cdn.jsdelivr.net/npm/bootstrap%405.1.3/dist/js/bootstrap.bundle.min.js HTTP/1.1" 500 59 C:\Users\Igor_Mishutkin\AppData\Local\Programs\Python\Python310\lib\site-packages\django\core\servers\basehttp.py None
[2023-06-24 22:24:36,714] * [ERROR] "GET /static/https%3A/cdn.jsdelivr.net/npm/bootstrap%405.1.3/dist/js/bootstrap.bundle.min.js HTTP/1.1" 500 59 C:\Users\Igor_Mishutkin\AppData\Local\Programs\Python\Python310\lib\site-packages\django\core\servers\basehttp.py None
[2023-06-24 22:24:37,236] * [ERROR] "GET /static/https%3A/cdn.jsdelivr.net/npm/bootstrap%405.1.3/dist/js/bootstrap.bundle.min.js HTTP/1.1" 500 59 C:\Users\Igor_Mishutkin\AppData\Local\Programs\Python\Python310\lib\site-packages\django\core\servers\basehttp.py None
[2023-06-24 22:24:39,145] * [ERROR] "GET /static/https%3A/cdn.jsdelivr.net/npm/bootstrap%405.1.3/dist/js/bootstrap.bundle.min.js HTTP/1.1" 500 59 C:\Users\Igor_Mishutkin\AppData\Local\Programs\Python\Python310\lib\site-packages\django\core\servers\basehttp.py None
[2023-06-24 22:24:39,918] * [ERROR] "GET /static/https%3A/cdn.jsdelivr.net/npm/bootstrap%405.1.3/dist/js/bootstrap.bundle.min.js HTTP/1.1" 500 59 C:\Users\Igor_Mishutkin\AppData\Local\Programs\Python\Python310\lib\site-packages\django\core\servers\basehttp.py None
[2023-06-24 22:24:41,408] * [ERROR] "GET /static/https%3A/cdn.jsdelivr.net/npm/bootstrap%405.1.3/dist/js/bootstrap.bundle.min.js HTTP/1.1" 500 59 C:\Users\Igor_Mishutkin\AppData\Local\Programs\Python\Python310\lib\site-packages\django\core\servers\basehttp.py None
[2023-06-24 22:24:42,456] * [ERROR] "GET /static/https%3A/cdn.jsdelivr.net/npm/bootstrap%405.1.3/dist/js/bootstrap.bundle.min.js HTTP/1.1" 500 59 C:\Users\Igor_Mishutkin\AppData\Local\Programs\Python\Python310\lib\site-packages\django\core\servers\basehttp.py None
[2023-06-24 22:24:44,200] * [ERROR] "GET /static/https%3A/cdn.jsdelivr.net/npm/bootstrap%405.1.3/dist/js/bootstrap.bundle.min.js HTTP/1.1" 500 59 C:\Users\Igor_Mishutkin\AppData\Local\Programs\Python\Python310\lib\site-packages\django\core\servers\basehttp.py None
[2023-06-24 22:24:44,994] * [ERROR] "GET /static/https%3A/cdn.jsdelivr.net/npm/bootstrap%405.1.3/dist/js/bootstrap.bundle.min.js HTTP/1.1" 500 59 C:\Users\Igor_Mishutkin\AppData\Local\Programs\Python\Python310\lib\site-packages\django\core\servers\basehttp.py None
[2023-06-24 22:24:46,064] * [ERROR] "GET /static/https%3A/cdn.jsdelivr.net/npm/bootstrap%405.1.3/dist/js/bootstrap.bundle.min.js HTTP/1.1" 500 59 C:\Users\Igor_Mishutkin\AppData\Local\Programs\Python\Python310\lib\site-packages\django\core\servers\basehttp.py None
[2023-06-24 22:24:46,650] * [ERROR] "GET /static/https%3A/cdn.jsdelivr.net/npm/bootstrap%405.1.3/dist/js/bootstrap.bundle.min.js HTTP/1.1" 500 59 C:\Users\Igor_Mishutkin\AppData\Local\Programs\Python\Python310\lib\site-packages\django\core\servers\basehttp.py None
[2023-06-24 22:24:47,559] * [ERROR] "GET /static/https%3A/cdn.jsdelivr.net/npm/bootstrap%405.1.3/dist/js/bootstrap.bundle.min.js HTTP/1.1" 500 59 C:\Users\Igor_Mishutkin\AppData\Local\Programs\Python\Python310\lib\site-packages\django\core\servers\basehttp.py None
[2023-06-24 22:24:48,493] * [ERROR] "GET /static/https%3A/cdn.jsdelivr.net/npm/bootstrap%405.1.3/dist/js/bootstrap.bundle.min.js HTTP/1.1" 500 59 C:\Users\Igor_Mishutkin\AppData\Local\Programs\Python\Python310\lib\site-packages\django\core\servers\basehttp.py None
[2023-06-24 22:24:50,337] * [ERROR] "GET /static/https%3A/cdn.jsdelivr.net/npm/bootstrap%405.1.3/dist/js/bootstrap.bundle.min.js HTTP/1.1" 500 59 C:\Users\Igor_Mishutkin\AppData\Local\Programs\Python\Python310\lib\site-packages\django\core\servers\basehttp.py None
[2023-06-24 22:24:51,068] * [ERROR] "GET /static/https%3A/cdn.jsdelivr.net/npm/bootstrap%405.1.3/dist/js/bootstrap.bundle.min.js HTTP/1.1" 500 59 C:\Users\Igor_Mishutkin\AppData\Local\Programs\Python\Python310\lib\site-packages\django\core\servers\basehttp.py None
[2023-06-24 22:24:52,966] * [ERROR] "GET /static/https%3A/cdn.jsdelivr.net/npm/bootstrap%405.1.3/dist/js/bootstrap.bundle.min.js HTTP/1.1" 500 59 C:\Users\Igor_Mishutkin\AppData\Local\Programs\Python\Python310\lib\site-packages\django\core\servers\basehttp.py None
[2023-06-24 22:24:53,625] * [ERROR] "GET /static/https%3A/cdn.jsdelivr.net/npm/bootstrap%405.1.3/dist/js/bootstrap.bundle.min.js HTTP/1.1" 500 59 C:\Users\Igor_Mishutkin\AppData\Local\Programs\Python\Python310\lib\site-packages\django\core\servers\basehttp.py None
[2023-06-24 22:24:54,467] * [ERROR] "GET /static/https%3A/cdn.jsdelivr.net/npm/bootstrap%405.1.3/dist/js/bootstrap.bundle.min.js HTTP/1.1" 500 59 C:\Users\Igor_Mishutkin\AppData\Local\Programs\Python\Python310\lib\site-packages\django\core\servers\basehttp.py None
[2023-06-24 22:24:55,095] * [ERROR] "GET /static/https%3A/cdn.jsdelivr.net/npm/bootstrap%405.1.3/dist/js/bootstrap.bundle.min.js HTTP/1.1" 500 59 C:\Users\Igor_Mishutkin\AppData\Local\Programs\Python\Python310\lib\site-packages\django\core\servers\basehttp.py None
[2023-06-24 22:24:56,305] * [ERROR] "GET /static/https%3A/cdn.jsdelivr.net/npm/bootstrap%405.1.3/dist/js/bootstrap.bundle.min.js HTTP/1.1" 500 59 C:\Users\Igor_Mishutkin\AppData\Local\Programs\Python\Python310\lib\site-packages\django\core\servers\basehttp.py None
[2023-06-24 22:24:56,920] * [ERROR] "GET /static/https%3A/cdn.jsdelivr.net/npm/bootstrap%405.1.3/dist/js/bootstrap.bundle.min.js HTTP/1.1" 500 59 C:\Users\Igor_Mishutkin\AppData\Local\Programs\Python\Python310\lib\site-packages\django\core\servers\basehttp.py None
[2023-06-24 22:24:57,665] * [ERROR] "GET /static/https%3A/cdn.jsdelivr.net/npm/bootstrap%405.1.3/dist/js/bootstrap.bundle.min.js HTTP/1.1" 500 59 C:\Users\Igor_Mishutkin\AppData\Local\Programs\Python\Python310\lib\site-packages\django\core\servers\basehttp.py None
[2023-06-24 22:24:59,656] * [ERROR] "GET /static/https%3A/cdn.jsdelivr.net/npm/bootstrap%405.1.3/dist/js/bootstrap.bundle.min.js HTTP/1.1" 500 59 C:\Users\Igor_Mishutkin\AppData\Local\Programs\Python\Python310\lib\site-packages\django\core\servers\basehttp.py None
[2023-06-24 22:25:01,999] * [ERROR] "GET /static/https%3A/cdn.jsdelivr.net/npm/bootstrap%405.1.3/dist/js/bootstrap.bundle.min.js HTTP/1.1" 500 59 C:\Users\Igor_Mishutkin\AppData\Local\Programs\Python\Python310\lib\site-packages\django\core\servers\basehttp.py None
[2023-06-24 22:25:02,747] * [ERROR] "GET /static/https%3A/cdn.jsdelivr.net/npm/bootstrap%405.1.3/dist/js/bootstrap.bundle.min.js HTTP/1.1" 500 59 C:\Users\Igor_Mishutkin\AppData\Local\Programs\Python\Python310\lib\site-packages\django\core\servers\basehttp.py None
[2023-06-24 22:25:03,757] * [ERROR] "GET /static/https%3A/cdn.jsdelivr.net/npm/bootstrap%405.1.3/dist/js/bootstrap.bundle.min.js HTTP/1.1" 500 59 C:\Users\Igor_Mishutkin\AppData\Local\Programs\Python\Python310\lib\site-packages\django\core\servers\basehttp.py None
[2023-06-24 22:25:04,388] * [ERROR] "GET /static/https%3A/cdn.jsdelivr.net/npm/bootstrap%405.1.3/dist/js/bootstrap.bundle.min.js HTTP/1.1" 500 59 C:\Users\Igor_Mishutkin\AppData\Local\Programs\Python\Python310\lib\site-packages\django\core\servers\basehttp.py None
[2023-06-24 22:25:05,462] * [ERROR] "GET /static/https%3A/cdn.jsdelivr.net/npm/bootstrap%405.1.3/dist/js/bootstrap.bundle.min.js HTTP/1.1" 500 59 C:\Users\Igor_Mishutkin\AppData\Local\Programs\Python\Python310\lib\site-packages\django\core\servers\basehttp.py None
[2023-06-24 22:25:06,117] * [ERROR] "GET /static/https%3A/cdn.jsdelivr.net/npm/bootstrap%405.1.3/dist/js/bootstrap.bundle.min.js HTTP/1.1" 500 59 C:\Users\Igor_Mishutkin\AppData\Local\Programs\Python\Python310\lib\site-packages\django\core\servers\basehttp.py None
[2023-06-24 22:25:07,437] * [ERROR] "GET /static/https%3A/cdn.jsdelivr.net/npm/bootstrap%405.1.3/dist/js/bootstrap.bundle.min.js HTTP/1.1" 500 59 C:\Users\Igor_Mishutkin\AppData\Local\Programs\Python\Python310\lib\site-packages\django\core\servers\basehttp.py None
[2023-06-24 22:34:00,597] * [ERROR] "GET /static/https%3A/cdn.jsdelivr.net/npm/bootstrap%405.1.3/dist/js/bootstrap.bundle.min.js HTTP/1.1" 500 59 C:\Users\Igor_Mishutkin\AppData\Local\Programs\Python\Python310\lib\site-packages\django\core\servers\basehttp.py None
[2023-06-24 22:34:05,440] * [ERROR] Internal Server Error: /sign/upgrade/ C:\Users\Igor_Mishutkin\AppData\Local\Programs\Python\Python310\lib\site-packages\django\utils\log.py (<class 'django.db.utils.IntegrityError'>, IntegrityError('UNIQUE constraint failed: news_author.authorUser_id'), <traceback object at 0x0000025278E51940>)
Traceback (most recent call last):
  File "C:\Users\Igor_Mishutkin\AppData\Local\Programs\Python\Python310\lib\site-packages\django\db\backends\utils.py", line 89, in _execute
    return self.cursor.execute(sql, params)
  File "C:\Users\Igor_Mishutkin\AppData\Local\Programs\Python\Python310\lib\site-packages\django\db\backends\sqlite3\base.py", line 328, in execute
    return super().execute(query, params)
sqlite3.IntegrityError: UNIQUE constraint failed: news_author.authorUser_id

The above exception was the direct cause of the following exception:

Traceback (most recent call last):
  File "C:\Users\Igor_Mishutkin\AppData\Local\Programs\Python\Python310\lib\site-packages\django\core\handlers\exception.py", line 55, in inner
    response = get_response(request)
  File "C:\Users\Igor_Mishutkin\AppData\Local\Programs\Python\Python310\lib\site-packages\django\core\handlers\base.py", line 197, in _get_response
    response = wrapped_callback(request, *callback_args, **callback_kwargs)
  File "C:\Users\Igor_Mishutkin\AppData\Local\Programs\Python\Python310\lib\site-packages\django\contrib\auth\decorators.py", line 23, in _wrapper_view
    return view_func(request, *args, **kwargs)
  File "D:\Учеба\D12_logging\News\sign\views.py", line 22, in upgrade_me
    Author.objects.create(authorUser=user)
  File "C:\Users\Igor_Mishutkin\AppData\Local\Programs\Python\Python310\lib\site-packages\django\db\models\manager.py", line 87, in manager_method
    return getattr(self.get_queryset(), name)(*args, **kwargs)
  File "C:\Users\Igor_Mishutkin\AppData\Local\Programs\Python\Python310\lib\site-packages\django\db\models\query.py", line 658, in create
    obj.save(force_insert=True, using=self.db)
  File "C:\Users\Igor_Mishutkin\AppData\Local\Programs\Python\Python310\lib\site-packages\django\db\models\base.py", line 814, in save
    self.save_base(
  File "C:\Users\Igor_Mishutkin\AppData\Local\Programs\Python\Python310\lib\site-packages\django\db\models\base.py", line 877, in save_base
    updated = self._save_table(
  File "C:\Users\Igor_Mishutkin\AppData\Local\Programs\Python\Python310\lib\site-packages\django\db\models\base.py", line 1020, in _save_table
    results = self._do_insert(
  File "C:\Users\Igor_Mishutkin\AppData\Local\Programs\Python\Python310\lib\site-packages\django\db\models\base.py", line 1061, in _do_insert
    return manager._insert(
  File "C:\Users\Igor_Mishutkin\AppData\Local\Programs\Python\Python310\lib\site-packages\django\db\models\manager.py", line 87, in manager_method
    return getattr(self.get_queryset(), name)(*args, **kwargs)
  File "C:\Users\Igor_Mishutkin\AppData\Local\Programs\Python\Python310\lib\site-packages\django\db\models\query.py", line 1805, in _insert
    return query.get_compiler(using=using).execute_sql(returning_fields)
  File "C:\Users\Igor_Mishutkin\AppData\Local\Programs\Python\Python310\lib\site-packages\django\db\models\sql\compiler.py", line 1820, in execute_sql
    cursor.execute(sql, params)
  File "C:\Users\Igor_Mishutkin\AppData\Local\Programs\Python\Python310\lib\site-packages\django\db\backends\utils.py", line 102, in execute
    return super().execute(sql, params)
  File "C:\Users\Igor_Mishutkin\AppData\Local\Programs\Python\Python310\lib\site-packages\django\db\backends\utils.py", line 67, in execute
    return self._execute_with_wrappers(
  File "C:\Users\Igor_Mishutkin\AppData\Local\Programs\Python\Python310\lib\site-packages\django\db\backends\utils.py", line 80, in _execute_with_wrappers
    return executor(sql, params, many, context)
  File "C:\Users\Igor_Mishutkin\AppData\Local\Programs\Python\Python310\lib\site-packages\django\db\backends\utils.py", line 84, in _execute
    with self.db.wrap_database_errors:
  File "C:\Users\Igor_Mishutkin\AppData\Local\Programs\Python\Python310\lib\site-packages\django\db\utils.py", line 91, in __exit__
    raise dj_exc_value.with_traceback(traceback) from exc_value
  File "C:\Users\Igor_Mishutkin\AppData\Local\Programs\Python\Python310\lib\site-packages\django\db\backends\utils.py", line 89, in _execute
    return self.cursor.execute(sql, params)
  File "C:\Users\Igor_Mishutkin\AppData\Local\Programs\Python\Python310\lib\site-packages\django\db\backends\sqlite3\base.py", line 328, in execute
    return super().execute(query, params)
django.db.utils.IntegrityError: UNIQUE constraint failed: news_author.authorUser_id
[2023-06-24 22:34:05,453] * [ERROR] "GET /sign/upgrade/ HTTP/1.1" 500 163544 C:\Users\Igor_Mishutkin\AppData\Local\Programs\Python\Python310\lib\site-packages\django\core\servers\basehttp.py None
[2023-06-24 22:34:12,567] * [ERROR] "GET /static/https%3A/cdn.jsdelivr.net/npm/bootstrap%405.1.3/dist/js/bootstrap.bundle.min.js HTTP/1.1" 500 59 C:\Users\Igor_Mishutkin\AppData\Local\Programs\Python\Python310\lib\site-packages\django\core\servers\basehttp.py None
[2023-06-24 22:34:16,276] * [ERROR] "GET /static/https%3A/cdn.jsdelivr.net/npm/bootstrap%405.1.3/dist/js/bootstrap.bundle.min.js HTTP/1.1" 500 59 C:\Users\Igor_Mishutkin\AppData\Local\Programs\Python\Python310\lib\site-packages\django\core\servers\basehttp.py None
[2023-06-24 22:34:51,541] * [ERROR] "GET /static/https%3A/cdn.jsdelivr.net/npm/bootstrap%405.1.3/dist/js/bootstrap.bundle.min.js HTTP/1.1" 500 59 C:\Users\Igor_Mishutkin\AppData\Local\Programs\Python\Python310\lib\site-packages\django\core\servers\basehttp.py None
[2023-06-24 22:34:56,175] * [ERROR] "GET /static/https%3A/cdn.jsdelivr.net/npm/bootstrap%405.1.3/dist/js/bootstrap.bundle.min.js HTTP/1.1" 500 59 C:\Users\Igor_Mishutkin\AppData\Local\Programs\Python\Python310\lib\site-packages\django\core\servers\basehttp.py None
[2023-06-24 22:35:10,345] * [ERROR] "GET /static/https%3A/cdn.jsdelivr.net/npm/bootstrap%405.1.3/dist/js/bootstrap.bundle.min.js HTTP/1.1" 500 59 C:\Users\Igor_Mishutkin\AppData\Local\Programs\Python\Python310\lib\site-packages\django\core\servers\basehttp.py None
[2023-06-24 22:35:12,487] * [ERROR] "GET /static/https%3A/cdn.jsdelivr.net/npm/bootstrap%405.1.3/dist/js/bootstrap.bundle.min.js HTTP/1.1" 500 59 C:\Users\Igor_Mishutkin\AppData\Local\Programs\Python\Python310\lib\site-packages\django\core\servers\basehttp.py None
[2023-06-24 22:35:24,219] * [ERROR] "GET /static/https%3A/cdn.jsdelivr.net/npm/bootstrap%405.1.3/dist/js/bootstrap.bundle.min.js HTTP/1.1" 500 59 C:\Users\Igor_Mishutkin\AppData\Local\Programs\Python\Python310\lib\site-packages\django\core\servers\basehttp.py None
[2023-06-24 22:35:35,119] * [ERROR] "GET /static/https%3A/cdn.jsdelivr.net/npm/bootstrap%405.1.3/dist/js/bootstrap.bundle.min.js HTTP/1.1" 500 59 C:\Users\Igor_Mishutkin\AppData\Local\Programs\Python\Python310\lib\site-packages\django\core\servers\basehttp.py None
[2023-06-24 22:36:27,702] * [ERROR] "GET /static/https%3A/cdn.jsdelivr.net/npm/bootstrap%405.1.3/dist/js/bootstrap.bundle.min.js HTTP/1.1" 500 59 C:\Users\Igor_Mishutkin\AppData\Local\Programs\Python\Python310\lib\site-packages\django\core\servers\basehttp.py None
[2023-06-24 22:38:42,838] * [ERROR] "GET /static/https%3A/cdn.jsdelivr.net/npm/bootstrap%405.1.3/dist/js/bootstrap.bundle.min.js HTTP/1.1" 500 59 C:\Users\Igor_Mishutkin\AppData\Local\Programs\Python\Python310\lib\site-packages\django\core\servers\basehttp.py None
[2023-06-24 22:38:57,754] * [ERROR] "GET /static/https%3A/cdn.jsdelivr.net/npm/bootstrap%405.1.3/dist/js/bootstrap.bundle.min.js HTTP/1.1" 500 59 C:\Users\Igor_Mishutkin\AppData\Local\Programs\Python\Python310\lib\site-packages\django\core\servers\basehttp.py None
[2023-06-24 22:39:02,346] * [ERROR] "GET /static/https%3A/cdn.jsdelivr.net/npm/bootstrap%405.1.3/dist/js/bootstrap.bundle.min.js HTTP/1.1" 500 59 C:\Users\Igor_Mishutkin\AppData\Local\Programs\Python\Python310\lib\site-packages\django\core\servers\basehttp.py None
[2023-06-24 22:39:12,506] * [ERROR] "GET /static/https%3A/cdn.jsdelivr.net/npm/bootstrap%405.1.3/dist/js/bootstrap.bundle.min.js HTTP/1.1" 500 59 C:\Users\Igor_Mishutkin\AppData\Local\Programs\Python\Python310\lib\site-packages\django\core\servers\basehttp.py None
[2023-06-24 22:39:17,744] * [ERROR] "GET /static/https%3A/cdn.jsdelivr.net/npm/bootstrap%405.1.3/dist/js/bootstrap.bundle.min.js HTTP/1.1" 500 59 C:\Users\Igor_Mishutkin\AppData\Local\Programs\Python\Python310\lib\site-packages\django\core\servers\basehttp.py None
[2023-06-24 22:39:28,983] * [ERROR] "GET /static/https%3A/cdn.jsdelivr.net/npm/bootstrap%405.1.3/dist/js/bootstrap.bundle.min.js HTTP/1.1" 500 59 C:\Users\Igor_Mishutkin\AppData\Local\Programs\Python\Python310\lib\site-packages\django\core\servers\basehttp.py None
[2023-06-24 22:39:30,766] * [ERROR] "GET /static/https%3A/cdn.jsdelivr.net/npm/bootstrap%405.1.3/dist/js/bootstrap.bundle.min.js HTTP/1.1" 500 59 C:\Users\Igor_Mishutkin\AppData\Local\Programs\Python\Python310\lib\site-packages\django\core\servers\basehttp.py None
[2023-06-24 22:39:40,398] * [ERROR] "GET /static/https%3A/cdn.jsdelivr.net/npm/bootstrap%405.1.3/dist/js/bootstrap.bundle.min.js HTTP/1.1" 500 59 C:\Users\Igor_Mishutkin\AppData\Local\Programs\Python\Python310\lib\site-packages\django\core\servers\basehttp.py None
[2023-06-24 22:39:44,084] * [ERROR] "GET /static/https%3A/cdn.jsdelivr.net/npm/bootstrap%405.1.3/dist/js/bootstrap.bundle.min.js HTTP/1.1" 500 59 C:\Users\Igor_Mishutkin\AppData\Local\Programs\Python\Python310\lib\site-packages\django\core\servers\basehttp.py None
[2023-06-24 22:39:54,059] * [ERROR] "GET /static/https%3A/cdn.jsdelivr.net/npm/bootstrap%405.1.3/dist/js/bootstrap.bundle.min.js HTTP/1.1" 500 59 C:\Users\Igor_Mishutkin\AppData\Local\Programs\Python\Python310\lib\site-packages\django\core\servers\basehttp.py None
[2023-06-24 22:39:54,911] * [ERROR] "GET /static/https%3A/cdn.jsdelivr.net/npm/bootstrap%405.1.3/dist/js/bootstrap.bundle.min.js HTTP/1.1" 500 59 C:\Users\Igor_Mishutkin\AppData\Local\Programs\Python\Python310\lib\site-packages\django\core\servers\basehttp.py None
[2023-06-24 22:40:08,032] * [ERROR] "GET /static/https%3A/cdn.jsdelivr.net/npm/bootstrap%405.1.3/dist/js/bootstrap.bundle.min.js HTTP/1.1" 500 59 C:\Users\Igor_Mishutkin\AppData\Local\Programs\Python\Python310\lib\site-packages\django\core\servers\basehttp.py None
[2023-06-24 22:40:10,596] * [ERROR] "GET /static/https%3A/cdn.jsdelivr.net/npm/bootstrap%405.1.3/dist/js/bootstrap.bundle.min.js HTTP/1.1" 500 59 C:\Users\Igor_Mishutkin\AppData\Local\Programs\Python\Python310\lib\site-packages\django\core\servers\basehttp.py None
[2023-06-24 22:40:18,848] * [ERROR] "GET /static/https%3A/cdn.jsdelivr.net/npm/bootstrap%405.1.3/dist/js/bootstrap.bundle.min.js HTTP/1.1" 500 59 C:\Users\Igor_Mishutkin\AppData\Local\Programs\Python\Python310\lib\site-packages\django\core\servers\basehttp.py None
[2023-06-24 22:40:20,284] * [ERROR] "GET /static/https%3A/cdn.jsdelivr.net/npm/bootstrap%405.1.3/dist/js/bootstrap.bundle.min.js HTTP/1.1" 500 59 C:\Users\Igor_Mishutkin\AppData\Local\Programs\Python\Python310\lib\site-packages\django\core\servers\basehttp.py None
[2023-06-24 22:40:28,111] * [ERROR] "GET /static/https%3A/cdn.jsdelivr.net/npm/bootstrap%405.1.3/dist/js/bootstrap.bundle.min.js HTTP/1.1" 500 59 C:\Users\Igor_Mishutkin\AppData\Local\Programs\Python\Python310\lib\site-packages\django\core\servers\basehttp.py None
[2023-06-24 22:41:52,787] * [ERROR] "GET /static/https%3A/cdn.jsdelivr.net/npm/bootstrap%405.1.3/dist/js/bootstrap.bundle.min.js HTTP/1.1" 500 59 C:\Users\Igor_Mishutkin\AppData\Local\Programs\Python\Python310\lib\site-packages\django\core\servers\basehttp.py None
[2023-06-24 22:43:57,089] * [ERROR] "GET /static/https%3A/cdn.jsdelivr.net/npm/bootstrap%405.1.3/dist/js/bootstrap.bundle.min.js HTTP/1.1" 500 59 C:\Users\Igor_Mishutkin\AppData\Local\Programs\Python\Python310\lib\site-packages\django\core\servers\basehttp.py None
[2023-06-24 22:44:34,376] * [ERROR] "GET /static/https%3A/cdn.jsdelivr.net/npm/bootstrap%405.1.3/dist/js/bootstrap.bundle.min.js HTTP/1.1" 500 59 C:\Users\Igor_Mishutkin\AppData\Local\Programs\Python\Python310\lib\site-packages\django\core\servers\basehttp.py None
[2023-06-24 22:44:37,297] * [ERROR] "GET /static/https%3A/cdn.jsdelivr.net/npm/bootstrap%405.1.3/dist/js/bootstrap.bundle.min.js HTTP/1.1" 500 59 C:\Users\Igor_Mishutkin\AppData\Local\Programs\Python\Python310\lib\site-packages\django\core\servers\basehttp.py None
[2023-06-24 22:47:13,113] * [ERROR] "GET /static/https%3A/cdn.jsdelivr.net/npm/bootstrap%405.1.3/dist/js/bootstrap.bundle.min.js HTTP/1.1" 500 59 C:\Users\Igor_Mishutkin\AppData\Local\Programs\Python\Python310\lib\site-packages\django\core\servers\basehttp.py None
[2023-06-24 22:47:14,885] * [ERROR] "GET /static/https%3A/cdn.jsdelivr.net/npm/bootstrap%405.1.3/dist/js/bootstrap.bundle.min.js HTTP/1.1" 500 59 C:\Users\Igor_Mishutkin\AppData\Local\Programs\Python\Python310\lib\site-packages\django\core\servers\basehttp.py None
[2023-06-24 22:47:35,224] * [ERROR] "GET /static/https%3A/cdn.jsdelivr.net/npm/bootstrap%405.1.3/dist/js/bootstrap.bundle.min.js HTTP/1.1" 500 59 C:\Users\Igor_Mishutkin\AppData\Local\Programs\Python\Python310\lib\site-packages\django\core\servers\basehttp.py None
[2023-06-24 22:47:39,279] * [ERROR] "GET /static/https%3A/cdn.jsdelivr.net/npm/bootstrap%405.1.3/dist/js/bootstrap.bundle.min.js HTTP/1.1" 500 59 C:\Users\Igor_Mishutkin\AppData\Local\Programs\Python\Python310\lib\site-packages\django\core\servers\basehttp.py None
[2023-06-24 22:47:41,530] * [ERROR] "GET /static/https%3A/cdn.jsdelivr.net/npm/bootstrap%405.1.3/dist/js/bootstrap.bundle.min.js HTTP/1.1" 500 59 C:\Users\Igor_Mishutkin\AppData\Local\Programs\Python\Python310\lib\site-packages\django\core\servers\basehttp.py None
[2023-06-24 22:48:04,109] * [ERROR] "GET /static/https%3A/cdn.jsdelivr.net/npm/bootstrap%405.1.3/dist/js/bootstrap.bundle.min.js HTTP/1.1" 500 59 C:\Users\Igor_Mishutkin\AppData\Local\Programs\Python\Python310\lib\site-packages\django\core\servers\basehttp.py None
[2023-06-24 22:48:16,125] * [ERROR] "GET /static/https%3A/cdn.jsdelivr.net/npm/bootstrap%405.1.3/dist/js/bootstrap.bundle.min.js HTTP/1.1" 500 59 C:\Users\Igor_Mishutkin\AppData\Local\Programs\Python\Python310\lib\site-packages\django\core\servers\basehttp.py None
[2023-06-24 22:48:41,051] * [ERROR] "GET /static/https%3A/cdn.jsdelivr.net/npm/bootstrap%405.1.3/dist/js/bootstrap.bundle.min.js HTTP/1.1" 500 59 C:\Users\Igor_Mishutkin\AppData\Local\Programs\Python\Python310\lib\site-packages\django\core\servers\basehttp.py None
